[INFO] Scanning for projects...
[INFO] 
[INFO] ------------------------< com.party.ceva:demo >-------------------------
[INFO] Building demo 0.0.1-SNAPSHOT
[INFO]   from pom.xml
[INFO] --------------------------------[ jar ]---------------------------------
[INFO] 
[INFO] >>> spring-boot:4.0.2:run (default-cli) > test-compile @ demo >>>
[INFO] 
[INFO] --- resources:3.3.1:resources (default-resources) @ demo ---
[INFO] Copying 1 resource from src\main\resources to target\classes
[INFO] Copying 1 resource from src\main\resources to target\classes
[INFO] 
[INFO] --- compiler:3.14.1:compile (default-compile) @ demo ---
[INFO] Nothing to compile - all classes are up to date.
[INFO] 
[INFO] --- resources:3.3.1:testResources (default-testResources) @ demo ---
[INFO] Not copying test resources
[INFO] 
[INFO] --- compiler:3.14.1:testCompile (default-testCompile) @ demo ---
[INFO] Not compiling test sources
[INFO] 
[INFO] <<< spring-boot:4.0.2:run (default-cli) < test-compile @ demo <<<
[INFO] 
[INFO] 
[INFO] --- spring-boot:4.0.2:run (default-cli) @ demo ---
[INFO] Attaching agents: []

  .   ____          _            __ _ _
 /\\ / ___'_ __ _ _(_)_ __  __ _ \ \ \ \
( ( )\___ | '_ | '_| | '_ \/ _` | \ \ \ \
 \\/  ___)| |_)| | | | | || (_| |  ) ) ) )
  '  |____| .__|_| |_|_| |_\__, | / / / /
 =========|_|==============|___/=/_/_/_/

 :: Spring Boot ::                (v4.0.2)

2026-03-20T20:36:55.998+02:00  INFO 24740 --- [demo] [  restartedMain] com.party.ceva.demo.DemoApplication      : Starting DemoApplication using Java 17.0.18 with PID 24740 (C:\Users\Andrei\Desktop\Projects\delivery\target\classes started by Andrei in C:\Users\Andrei\Desktop\Projects\delivery)
2026-03-20T20:36:55.998+02:00  INFO 24740 --- [demo] [  restartedMain] com.party.ceva.demo.DemoApplication      : No active profile set, falling back to 1 default profile: "default"
2026-03-20T20:36:56.028+02:00  INFO 24740 --- [demo] [  restartedMain] .e.DevToolsPropertyDefaultsPostProcessor : Devtools property defaults active! Set 'spring.devtools.add-properties' to 'false' to disable
2026-03-20T20:36:56.028+02:00  INFO 24740 --- [demo] [  restartedMain] .e.DevToolsPropertyDefaultsPostProcessor : For additional web related logging consider setting the 'logging.level.web' property to 'DEBUG'
2026-03-20T20:36:56.628+02:00  INFO 24740 --- [demo] [  restartedMain] .s.d.r.c.RepositoryConfigurationDelegate : Multiple Spring Data modules found, entering strict repository configuration mode
2026-03-20T20:36:56.629+02:00  INFO 24740 --- [demo] [  restartedMain] .s.d.r.c.RepositoryConfigurationDelegate : Bootstrapping Spring Data JPA repositories in DEFAULT mode.
2026-03-20T20:36:56.709+02:00  INFO 24740 --- [demo] [  restartedMain] .s.d.r.c.RepositoryConfigurationDelegate : Finished Spring Data repository scanning in 75 ms. Found 1 JPA repository interface.
2026-03-20T20:36:56.720+02:00  INFO 24740 --- [demo] [  restartedMain] .s.d.r.c.RepositoryConfigurationDelegate : Multiple Spring Data modules found, entering strict repository configuration mode
2026-03-20T20:36:56.721+02:00  INFO 24740 --- [demo] [  restartedMain] .s.d.r.c.RepositoryConfigurationDelegate : Bootstrapping Spring Data Redis repositories in DEFAULT mode.
2026-03-20T20:36:56.730+02:00  INFO 24740 --- [demo] [  restartedMain] .RepositoryConfigurationExtensionSupport : Spring Data Redis - Could not safely identify store assignment for repository candidate interface com.party.ceva.demo.repository.UserRepository; If you want this repository to be a Redis repository, consider annotating your entities with one of these annotations: org.springframework.data.redis.core.RedisHash (preferred), or consider extending one of the following types with your repository: org.springframework.data.keyvalue.repository.KeyValueRepository
2026-03-20T20:36:56.730+02:00  INFO 24740 --- [demo] [  restartedMain] .s.d.r.c.RepositoryConfigurationDelegate : Finished Spring Data repository scanning in 3 ms. Found 0 Redis repository interfaces.
2026-03-20T20:36:57.139+02:00  INFO 24740 --- [demo] [  restartedMain] o.s.boot.tomcat.TomcatWebServer          : Tomcat initialized with port 8080 (http)
2026-03-20T20:36:57.145+02:00  INFO 24740 --- [demo] [  restartedMain] o.apache.catalina.core.StandardService   : Starting service [Tomcat]
2026-03-20T20:36:57.145+02:00  INFO 24740 --- [demo] [  restartedMain] o.apache.catalina.core.StandardEngine    : Starting Servlet engine: [Apache Tomcat/11.0.15]
2026-03-20T20:36:57.174+02:00  INFO 24740 --- [demo] [  restartedMain] b.w.c.s.WebApplicationContextInitializer : Root WebApplicationContext: initialization completed in 1146 ms
2026-03-20T20:36:57.226+02:00  WARN 24740 --- [demo] [  restartedMain] com.party.ceva.demo.service.JwtService   : Configured JWT secret is shorter than 32 bytes; deriving SHA-256 key material
2026-03-20T20:36:57.228+02:00  INFO 24740 --- [demo] [  restartedMain] com.party.ceva.demo.service.JwtService   : Initialized JWT service with expiration=86400000ms
2026-03-20T20:36:57.446+02:00  INFO 24740 --- [demo] [  restartedMain] org.hibernate.orm.jpa                    : HHH008540: Processing PersistenceUnitInfo [name: default]
2026-03-20T20:36:57.474+02:00  INFO 24740 --- [demo] [  restartedMain] org.hibernate.orm.core                   : HHH000001: Hibernate ORM core version 7.2.1.Final
2026-03-20T20:36:57.748+02:00  INFO 24740 --- [demo] [  restartedMain] o.s.o.j.p.SpringPersistenceUnitInfo      : No LoadTimeWeaver setup: ignoring JPA class transformer
2026-03-20T20:36:57.767+02:00  INFO 24740 --- [demo] [  restartedMain] com.zaxxer.hikari.HikariDataSource       : HikariPool-1 - Starting...
2026-03-20T20:36:57.821+02:00  INFO 24740 --- [demo] [  restartedMain] com.zaxxer.hikari.pool.HikariPool        : HikariPool-1 - Added connection org.postgresql.jdbc.PgConnection@2f958202
2026-03-20T20:36:57.822+02:00  INFO 24740 --- [demo] [  restartedMain] com.zaxxer.hikari.HikariDataSource       : HikariPool-1 - Start completed.
2026-03-20T20:36:57.840+02:00  WARN 24740 --- [demo] [  restartedMain] org.hibernate.orm.deprecation            : HHH90000025: PostgreSQLDialect does not need to be specified explicitly using 'hibernate.dialect' (remove the property setting and it will be selected by default)
2026-03-20T20:36:57.853+02:00  INFO 24740 --- [demo] [  restartedMain] org.hibernate.orm.connections.pooling    : HHH10001005: Database info:
	Database JDBC URL [jdbc:postgresql://localhost:5432/mydatabase]
	Database driver: PostgreSQL JDBC Driver
	Database dialect: PostgreSQLDialect
	Database version: 13.23
	Default catalog/schema: mydatabase/public
	Autocommit mode: undefined/unknown
	Isolation level: READ_COMMITTED [default READ_COMMITTED]
	JDBC fetch size: none
	Pool: DataSourceConnectionProvider
	Minimum pool size: undefined/unknown
	Maximum pool size: undefined/unknown
2026-03-20T20:36:58.437+02:00  INFO 24740 --- [demo] [  restartedMain] org.hibernate.orm.core                   : HHH000489: No JTA platform available (set 'hibernate.transaction.jta.platform' to enable JTA platform integration)
2026-03-20T20:36:58.485+02:00  INFO 24740 --- [demo] [  restartedMain] j.LocalContainerEntityManagerFactoryBean : Initialized JPA EntityManagerFactory for persistence unit 'default'
2026-03-20T20:36:58.526+02:00  INFO 24740 --- [demo] [  restartedMain] o.s.d.j.r.query.QueryEnhancerFactories   : Hibernate is in classpath; If applicable, HQL parser will be used.
2026-03-20T20:36:58.682+02:00  INFO 24740 --- [demo] [  restartedMain] r$InitializeUserDetailsManagerConfigurer : Global AuthenticationManager configured with UserDetailsService bean with name customUserDetailsService
2026-03-20T20:36:58.687+02:00 TRACE 24740 --- [demo] [  restartedMain] o.s.c.a.AnnotationCacheOperationSource   : Adding cacheable method 'findById' with operations: [Builder[public java.util.Optional com.party.ceva.demo.service.UserService.findById(java.lang.Long)] caches=[usersById] | key='#id' | keyGenerator='' | cacheManager='' | cacheResolver='' | condition='' | unless='#result == null' | sync='false']
2026-03-20T20:36:58.688+02:00 TRACE 24740 --- [demo] [  restartedMain] o.s.c.a.AnnotationCacheOperationSource   : Adding cacheable method 'findByEmail' with operations: [Builder[public java.util.Optional com.party.ceva.demo.service.UserService.findByEmail(java.lang.String)] caches=[usersByEmail] | key='#email' | keyGenerator='' | cacheManager='' | cacheResolver='' | condition='' | unless='#result == null' | sync='false']
2026-03-20T20:36:58.689+02:00 TRACE 24740 --- [demo] [  restartedMain] o.s.c.a.AnnotationCacheOperationSource   : Adding cacheable method 'updateUser' with operations: [Builder[public com.party.ceva.demo.dto.UserDto com.party.ceva.demo.service.UserService.updateUser(java.lang.Long,com.party.ceva.demo.dto.UserDto)] caches=[usersById] | key='#id' | keyGenerator='' | cacheManager='' | cacheResolver='' | condition='',false,false, Builder[public com.party.ceva.demo.dto.UserDto com.party.ceva.demo.service.UserService.updateUser(java.lang.Long,com.party.ceva.demo.dto.UserDto)] caches=[usersByEmail] | key='#userDto.email' | keyGenerator='' | cacheManager='' | cacheResolver='' | condition='',false,false]
2026-03-20T20:36:58.689+02:00 TRACE 24740 --- [demo] [  restartedMain] o.s.c.a.AnnotationCacheOperationSource   : Adding cacheable method 'deleteUser' with operations: [Builder[public void com.party.ceva.demo.service.UserService.deleteUser(java.lang.Long)] caches=[usersById] | key='#id' | keyGenerator='' | cacheManager='' | cacheResolver='' | condition='',false,false]
2026-03-20T20:36:58.694+02:00  INFO 24740 --- [demo] [  restartedMain] c.p.c.d.service.LocalFileStorageService  : Initialized local file storage at C:\Users\Andrei\Desktop\Projects\delivery\uploads
2026-03-20T20:36:58.762+02:00  WARN 24740 --- [demo] [  restartedMain] JpaBaseConfiguration$JpaWebConfiguration : spring.jpa.open-in-view is enabled by default. Therefore, database queries may be performed during view rendering. Explicitly configure spring.jpa.open-in-view to disable this warning
2026-03-20T20:36:58.877+02:00 DEBUG 24740 --- [demo] [  restartedMain] o.s.s.web.DefaultSecurityFilterChain     : Will secure any request with filters: DisableEncodeUrlFilter, WebAsyncManagerIntegrationFilter, SecurityContextHolderFilter, HeaderWriterFilter, CorsFilter, LogoutFilter, JwtAuthenticationFilter, RequestCacheAwareFilter, SecurityContextHolderAwareRequestFilter, AnonymousAuthenticationFilter, SessionManagementFilter, ExceptionTranslationFilter, AuthorizationFilter
2026-03-20T20:36:59.212+02:00  INFO 24740 --- [demo] [  restartedMain] o.s.b.a.e.web.EndpointLinksResolver      : Exposing 1 endpoint beneath base path '/actuator'
2026-03-20T20:36:59.251+02:00  WARN 24740 --- [demo] [  restartedMain] ConfigServletWebServerApplicationContext : Exception encountered during context initialization - cancelling refresh attempt: org.springframework.context.ApplicationContextException: Failed to start bean 'webServerStartStop'
2026-03-20T20:36:59.253+02:00  INFO 24740 --- [demo] [  restartedMain] j.LocalContainerEntityManagerFactoryBean : Closing JPA EntityManagerFactory for persistence unit 'default'
2026-03-20T20:36:59.255+02:00  INFO 24740 --- [demo] [  restartedMain] com.zaxxer.hikari.HikariDataSource       : HikariPool-1 - Shutdown initiated...
2026-03-20T20:36:59.257+02:00  INFO 24740 --- [demo] [  restartedMain] com.zaxxer.hikari.HikariDataSource       : HikariPool-1 - Shutdown completed.
2026-03-20T20:36:59.270+02:00  INFO 24740 --- [demo] [  restartedMain] .s.b.a.l.ConditionEvaluationReportLogger : 

Error starting ApplicationContext. To display the condition evaluation report re-run your application with 'debug' enabled.
2026-03-20T20:36:59.279+02:00 ERROR 24740 --- [demo] [  restartedMain] o.s.b.d.LoggingFailureAnalysisReporter   : 

***************************
APPLICATION FAILED TO START
***************************

Description:

Web server failed to start. Port 8080 was already in use.

Action:

Identify and stop the process that's listening on port 8080 or configure this application to listen on another port.

[INFO] ------------------------------------------------------------------------
[INFO] BUILD FAILURE
[INFO] ------------------------------------------------------------------------
[INFO] Total time:  6.769 s
[INFO] Finished at: 2026-03-20T20:37:00+02:00
[INFO] ------------------------------------------------------------------------
[ERROR] Failed to execute goal org.springframework.boot:spring-boot-maven-plugin:4.0.2:run (default-cli) on project demo: Process terminated with exit code: 1 -> [Help 1]
[ERROR] 
[ERROR] To see the full stack trace of the errors, re-run Maven with the -e switch.
[ERROR] Re-run Maven using the -X switch to enable full debug logging.
[ERROR] 
[ERROR] For more information about the errors and possible solutions, please read the following articles:
[ERROR] [Help 1] http://cwiki.apache.org/confluence/display/MAVEN/MojoExecutionException
